[INFO ] 2025-03-03 23:12:19.672 [main] Log4jDemo - Chrome browser starting...
[INFO ] 2025-03-03 23:12:26.154 [main] Log4jDemo - Application launched...
[INFO ] 2025-03-03 23:12:26.155 [main] Log4jDemo - Logged into Facebook...
[ERROR] 2025-03-03 23:12:36.221 [main] Log4jDemo - Exception occured
java.lang.Exception: Element Not Found
	at Mar_4.Log4jDemo.main(Log4jDemo.java:34) [test-classes/:?]
[INFO ] 2025-03-03 23:12:36.552 [main] Log4jDemo - Quitting the driver
[INFO ] 2025-03-03 23:16:47.671 [main] Log4jDemo - Chrome browser starting...
[INFO ] 2025-03-03 23:16:52.907 [main] Log4jDemo - Application launched...
[INFO ] 2025-03-03 23:16:52.907 [main] Log4jDemo - Logged into Facebook...
[ERROR] 2025-03-03 23:17:03.001 [main] Log4jDemo - Exception occured
java.lang.Exception: Element Not Found
	at Mar_4.Log4jDemo.main(Log4jDemo.java:34) [test-classes/:?]
[INFO ] 2025-03-03 23:17:03.374 [main] Log4jDemo - Quitting the driver
[INFO ] 2025-03-03 23:20:53.557 [main] Log4jDemo - Chrome browser starting...
[INFO ] 2025-03-03 23:20:58.687 [main] Log4jDemo - Application launched...
[INFO ] 2025-03-03 23:20:59.281 [main] Log4jDemo - Logged into Facebook...
[ERROR] 2025-03-03 23:21:09.072 [main] Log4jDemo - Exception occured
java.lang.Exception: Element Not Found
	at Mar_4.Log4jDemo.main(Log4jDemo.java:38) [test-classes/:?]
[INFO ] 2025-03-03 23:21:09.104 [main] Log4jDemo - Quitting the driver
[INFO ] 2025-03-03 23:27:44.625 [main] Log4jDemo - Chrome browser starting...
[INFO ] 2025-03-03 23:27:50.375 [main] Log4jDemo - Application launched...
[INFO ] 2025-03-03 23:27:51.062 [main] Log4jDemo - Logged into Facebook...
[ERROR] 2025-03-03 23:28:01.143 [main] Log4jDemo - Exception occured
java.lang.Exception: Element Not Found
	at Mar_4.Log4jDemo.main(Log4jDemo.java:38) [test-classes/:?]
[INFO ] 2025-03-03 23:28:01.491 [main] Log4jDemo - Quitting the driver
[INFO ] 2025-03-03 23:34:06.236 [main] DemoLog4 - Chrome browser starting... 
[INFO ] 2025-03-03 23:34:55.137 [main] DemoLog4 - Chrome browser starting... 
[INFO ] 2025-03-03 23:35:39.504 [main] DemoLog4 - Chrome browser starting... 
[INFO ] 2025-03-03 23:35:58.871 [main] DemoLog4 - Chrome browser starting... 
[INFO ] 2025-03-03 23:36:16.910 [main] DemoLog4 - Chrome browser starting... 
[INFO ] 2025-03-03 23:36:22.891 [main] DemoLog4 - Application launched.. 
[INFO ] 2025-03-03 23:36:22.893 [main] DemoLog4 - Logged into FaceBook
[INFO ] 2025-03-03 23:36:23.334 [main] DemoLog4 - Entered username.
[INFO ] 2025-03-03 23:36:23.471 [main] DemoLog4 - Entered password.
[ERROR] 2025-03-03 23:36:33.534 [main] DemoLog4 - Exception Occured
java.lang.Exception: WebElement passed as input is invalid
	at Mar_4.DemoLog4.main(DemoLog4.java:49) [test-classes/:?]
[INFO ] 2025-03-03 23:36:33.933 [main] DemoLog4 - Quitting the driver
[INFO ] 2025-03-04 00:06:51.818 [main] DemoLog4 - Chrome browser starting... 
[INFO ] 2025-03-04 00:06:57.145 [main] DemoLog4 - Application launched.. 
[INFO ] 2025-03-04 00:06:57.146 [main] DemoLog4 - Logged into FaceBook
[INFO ] 2025-03-04 00:06:57.609 [main] DemoLog4 - Entered username.
[INFO ] 2025-03-04 00:06:57.756 [main] DemoLog4 - Entered password.
[ERROR] 2025-03-04 00:07:07.831 [main] DemoLog4 - Exception Occured
java.lang.Exception: WebElement passed as input is invalid
	at Mar_4.DemoLog4.main(DemoLog4.java:49) [test-classes/:?]
[INFO ] 2025-03-04 00:07:08.220 [main] DemoLog4 - Quitting the driver
[INFO ] 2025-03-04 00:09:03.979 [main] DemoLog4 - Chrome browser starting... 
[INFO ] 2025-03-04 00:09:49.035 [main] DemoLog4 - Chrome browser starting... 
[INFO ] 2025-03-04 00:10:24.633 [main] DemoLog4 - Chrome browser starting... 
[INFO ] 2025-03-04 00:10:29.434 [main] DemoLog4 - Application launched.. 
[INFO ] 2025-03-04 00:10:29.434 [main] DemoLog4 - Logged into FaceBook
[INFO ] 2025-03-04 00:10:29.576 [main] DemoLog4 - Entered username.
[INFO ] 2025-03-04 00:10:29.710 [main] DemoLog4 - Entered password.
[INFO ] 2025-03-04 00:10:29.754 [main] DemoLog4 - Login button is displayed.
[INFO ] 2025-03-04 00:10:30.031 [main] DemoLog4 - Quitting the driver
[INFO ] 2025-03-04 00:10:49.234 [main] DemoLog4 - Chrome browser starting... 
[INFO ] 2025-03-04 00:10:54.933 [main] DemoLog4 - Application launched.. 
[INFO ] 2025-03-04 00:10:54.934 [main] DemoLog4 - Logged into FaceBook
[INFO ] 2025-03-04 00:10:55.080 [main] DemoLog4 - Entered username.
[INFO ] 2025-03-04 00:10:55.233 [main] DemoLog4 - Entered password.
[INFO ] 2025-03-04 00:10:55.276 [main] DemoLog4 - Login button is displayed.
[INFO ] 2025-03-04 00:10:55.565 [main] DemoLog4 - Quitting the driver
[INFO ] 2025-03-04 00:43:33.520 [main] DemoLog4 - Chrome browser starting... 
[INFO ] 2025-03-04 00:43:40.090 [main] DemoLog4 - Application launched.. 
[INFO ] 2025-03-04 00:43:40.090 [main] DemoLog4 - Logged into FaceBook
[INFO ] 2025-03-04 00:43:40.251 [main] DemoLog4 - Entered username.
[INFO ] 2025-03-04 00:43:40.407 [main] DemoLog4 - Entered password.
[INFO ] 2025-03-04 00:43:40.454 [main] DemoLog4 - Login button is displayed.
[INFO ] 2025-03-04 00:43:40.751 [main] DemoLog4 - Quitting the driver
[INFO ] 2025-03-04 00:45:03.117 [main] DemoLog4 - Chrome browser starting... 
[INFO ] 2025-03-04 00:45:09.002 [main] DemoLog4 - Application launched.. 
[INFO ] 2025-03-04 00:45:09.002 [main] DemoLog4 - Logged into FaceBook
[INFO ] 2025-03-04 00:45:09.161 [main] DemoLog4 - Entered username.
[INFO ] 2025-03-04 00:45:09.316 [main] DemoLog4 - Entered password.
[INFO ] 2025-03-04 00:45:09.360 [main] DemoLog4 - Login button is displayed.
[INFO ] 2025-03-04 00:45:09.658 [main] DemoLog4 - Quitting the driver
[INFO ] 2025-03-04 00:45:27.082 [main] DemoLog4 - Chrome browser starting... 
[INFO ] 2025-03-04 00:48:34.225 [main] DemooLog4 - Chrome browser starting... 
[INFO ] 2025-03-04 00:48:40.117 [main] DemooLog4 - Application launched.. 
[INFO ] 2025-03-04 00:48:40.117 [main] DemooLog4 - Logged into FaceBook
[INFO ] 2025-03-04 00:48:40.261 [main] DemooLog4 - Entered username.
[INFO ] 2025-03-04 00:48:40.418 [main] DemooLog4 - Entered password.
[INFO ] 2025-03-04 00:48:40.465 [main] DemooLog4 - Login button is displayed.
[INFO ] 2025-03-04 00:48:40.764 [main] DemooLog4 - Quitting the driver
[INFO ] 2025-03-04 01:56:31.719 [main] MyListener - Test Started...
[INFO ] 2025-03-04 01:56:31.738 [main] MyListener - Test Passed...
[INFO ] 2025-03-04 01:56:31.746 [main] MyListener - Test Started...
[ERROR] 2025-03-04 01:56:31.756 [main] MyListener - Test Failed...
